Building DAG of jobs...
Using shell: /usr/bin/bash
Provided cores: 20
Rules claiming more threads will be scaled down.
Job counts:
	count	jobs
	1	all
	598	get_coverage
	599

[Fri Sep 25 16:29:22 2020]
rule get_coverage:
    output: bedCov/006_B.chr2.bedCov
    jobid: 117
    reason: Missing output files: bedCov/006_B.chr2.bedCov
    wildcards: sample=006_B, chrom=chr2
    threads: 6

[Fri Sep 25 16:29:22 2020]
rule get_coverage:
    output: bedCov/040_B.chr16.bedCov
    jobid: 522
    reason: Missing output files: bedCov/040_B.chr16.bedCov
    wildcards: sample=040_B, chrom=chr16
    threads: 6

[Fri Sep 25 16:29:22 2020]
rule get_coverage:
    output: bedCov/010_B.chr17.bedCov
    jobid: 201
    reason: Missing output files: bedCov/010_B.chr17.bedCov
    wildcards: sample=010_B, chrom=chr17
    threads: 6

python /fast/scratch/users/szyskam_c/develop/PONcoverage/.snakemake/scripts/tmpu0fyqlyr.coversnake.py
python /fast/scratch/users/szyskam_c/develop/PONcoverage/.snakemake/scripts/tmpku7_swgg.coversnake.py
python /fast/scratch/users/szyskam_c/develop/PONcoverage/.snakemake/scripts/tmpfm1xo2ww.coversnake.py
Activating conda environment: /fast/scratch/users/szyskam_c/develop/PONcoverage/.snakemake/conda/f9fc5275
Activating conda environment: /fast/scratch/users/szyskam_c/develop/PONcoverage/.snakemake/conda/f9fc5275
Activating conda environment: /fast/scratch/users/szyskam_c/develop/PONcoverage/.snakemake/conda/f9fc5275
[Fri Sep 25 16:29:24 2020]
Error in rule get_coverage:
    jobid: 201
    output: bedCov/010_B.chr17.bedCov
    conda-env: /fast/scratch/users/szyskam_c/develop/PONcoverage/.snakemake/conda/f9fc5275

RuleException:
CalledProcessError in line 11 of /fast/home/users/szyskam_c/snakes/develop/myCNV/includes/pon_coverage.snk:
Command 'source /fast/users/szyskam_c/work/miniconda/bin/activate '/fast/scratch/users/szyskam_c/develop/PONcoverage/.snakemake/conda/f9fc5275'; set -euo pipefail;  python /fast/scratch/users/szyskam_c/develop/PONcoverage/.snakemake/scripts/tmpfm1xo2ww.coversnake.py' returned non-zero exit status 1.
  File "/fast/home/users/szyskam_c/snakes/develop/myCNV/includes/pon_coverage.snk", line 11, in __rule_get_coverage
  File "/fast/users/szyskam_c/work/miniconda/envs/WES-env/lib/python3.6/concurrent/futures/thread.py", line 56, in run
[Fri Sep 25 16:29:24 2020]
Error in rule get_coverage:
    jobid: 522
    output: bedCov/040_B.chr16.bedCov
    conda-env: /fast/scratch/users/szyskam_c/develop/PONcoverage/.snakemake/conda/f9fc5275

RuleException:
CalledProcessError in line 11 of /fast/home/users/szyskam_c/snakes/develop/myCNV/includes/pon_coverage.snk:
Command 'source /fast/users/szyskam_c/work/miniconda/bin/activate '/fast/scratch/users/szyskam_c/develop/PONcoverage/.snakemake/conda/f9fc5275'; set -euo pipefail;  python /fast/scratch/users/szyskam_c/develop/PONcoverage/.snakemake/scripts/tmpku7_swgg.coversnake.py' returned non-zero exit status 1.
  File "/fast/home/users/szyskam_c/snakes/develop/myCNV/includes/pon_coverage.snk", line 11, in __rule_get_coverage
  File "/fast/users/szyskam_c/work/miniconda/envs/WES-env/lib/python3.6/concurrent/futures/thread.py", line 56, in run
[Fri Sep 25 16:29:24 2020]
Error in rule get_coverage:
    jobid: 117
    output: bedCov/006_B.chr2.bedCov
    conda-env: /fast/scratch/users/szyskam_c/develop/PONcoverage/.snakemake/conda/f9fc5275

RuleException:
CalledProcessError in line 11 of /fast/home/users/szyskam_c/snakes/develop/myCNV/includes/pon_coverage.snk:
Command 'source /fast/users/szyskam_c/work/miniconda/bin/activate '/fast/scratch/users/szyskam_c/develop/PONcoverage/.snakemake/conda/f9fc5275'; set -euo pipefail;  python /fast/scratch/users/szyskam_c/develop/PONcoverage/.snakemake/scripts/tmpu0fyqlyr.coversnake.py' returned non-zero exit status 1.
  File "/fast/home/users/szyskam_c/snakes/develop/myCNV/includes/pon_coverage.snk", line 11, in __rule_get_coverage
  File "/fast/users/szyskam_c/work/miniconda/envs/WES-env/lib/python3.6/concurrent/futures/thread.py", line 56, in run
Shutting down, this might take some time.
Exiting because a job execution failed. Look above for error message
Complete log: /fast/home/users/szyskam_c/snakes/develop/myCNV/.snakemake/log/2020-09-25T162921.830996.snakemake.log
