Building DAG of jobs...
Using shell: /usr/bin/bash
Provided cores: 20
Rules claiming more threads will be scaled down.
Job counts:
	count	jobs
	1	all
	598	get_coverage
	599

[Fri Sep 25 16:22:49 2020]
rule get_coverage:
    output: bedCov/001_B.chr18.bedCov
    jobid: 18
    reason: Missing output files: bedCov/001_B.chr18.bedCov
    wildcards: sample=001_B, chrom=chr18
    threads: 6

InputFunctionException in line 1 of /fast/home/users/szyskam_c/snakes/develop/myCNV/includes/pon_coverage.snk:
TypeError: first() missing 1 required positional argument: 'offset'
Wildcards:
sample=001_B
chrom=chr18
