Building DAG of jobs...
Using shell: /usr/bin/bash
Provided cores: 20
Rules claiming more threads will be scaled down.
Job counts:
	count	jobs
	1	all
	598	get_coverage
	599

[Fri Sep 25 16:29:53 2020]
rule get_coverage:
    output: bedCov/021_B.chr19.bedCov
    jobid: 364
    reason: Missing output files: bedCov/021_B.chr19.bedCov
    wildcards: sample=021_B, chrom=chr19
    threads: 6

[Fri Sep 25 16:29:53 2020]
rule get_coverage:
    output: bedCov/010_B.chr17.bedCov
    jobid: 201
    reason: Missing output files: bedCov/010_B.chr17.bedCov
    wildcards: sample=010_B, chrom=chr17
    threads: 6

[Fri Sep 25 16:29:53 2020]
rule get_coverage:
    output: bedCov/033_B.chr19.bedCov
    jobid: 433
    reason: Missing output files: bedCov/033_B.chr19.bedCov
    wildcards: sample=033_B, chrom=chr19
    threads: 6

python /fast/scratch/users/szyskam_c/develop/PONcoverage/.snakemake/scripts/tmpjk_au013.coversnake.py
python /fast/scratch/users/szyskam_c/develop/PONcoverage/.snakemake/scripts/tmpxrjtz55l.coversnake.py
python /fast/scratch/users/szyskam_c/develop/PONcoverage/.snakemake/scripts/tmp0yaxyq51.coversnake.py
Activating conda environment: /fast/scratch/users/szyskam_c/develop/PONcoverage/.snakemake/conda/f9fc5275
Activating conda environment: /fast/scratch/users/szyskam_c/develop/PONcoverage/.snakemake/conda/f9fc5275
Activating conda environment: /fast/scratch/users/szyskam_c/develop/PONcoverage/.snakemake/conda/f9fc5275
[Fri Sep 25 16:29:55 2020]
Error in rule get_coverage:
    jobid: 364
    output: bedCov/021_B.chr19.bedCov
    conda-env: /fast/scratch/users/szyskam_c/develop/PONcoverage/.snakemake/conda/f9fc5275

RuleException:
CalledProcessError in line 11 of /fast/home/users/szyskam_c/snakes/develop/myCNV/includes/pon_coverage.snk:
Command 'source /fast/users/szyskam_c/work/miniconda/bin/activate '/fast/scratch/users/szyskam_c/develop/PONcoverage/.snakemake/conda/f9fc5275'; set -euo pipefail;  python /fast/scratch/users/szyskam_c/develop/PONcoverage/.snakemake/scripts/tmp0yaxyq51.coversnake.py' returned non-zero exit status 1.
  File "/fast/home/users/szyskam_c/snakes/develop/myCNV/includes/pon_coverage.snk", line 11, in __rule_get_coverage
  File "/fast/users/szyskam_c/work/miniconda/envs/WES-env/lib/python3.6/concurrent/futures/thread.py", line 56, in run
[Fri Sep 25 16:29:55 2020]
Error in rule get_coverage:
    jobid: 433
    output: bedCov/033_B.chr19.bedCov
    conda-env: /fast/scratch/users/szyskam_c/develop/PONcoverage/.snakemake/conda/f9fc5275

RuleException:
CalledProcessError in line 11 of /fast/home/users/szyskam_c/snakes/develop/myCNV/includes/pon_coverage.snk:
Command 'source /fast/users/szyskam_c/work/miniconda/bin/activate '/fast/scratch/users/szyskam_c/develop/PONcoverage/.snakemake/conda/f9fc5275'; set -euo pipefail;  python /fast/scratch/users/szyskam_c/develop/PONcoverage/.snakemake/scripts/tmpxrjtz55l.coversnake.py' returned non-zero exit status 1.
  File "/fast/home/users/szyskam_c/snakes/develop/myCNV/includes/pon_coverage.snk", line 11, in __rule_get_coverage
  File "/fast/users/szyskam_c/work/miniconda/envs/WES-env/lib/python3.6/concurrent/futures/thread.py", line 56, in run
[Fri Sep 25 16:29:55 2020]
Error in rule get_coverage:
    jobid: 201
    output: bedCov/010_B.chr17.bedCov
    conda-env: /fast/scratch/users/szyskam_c/develop/PONcoverage/.snakemake/conda/f9fc5275

RuleException:
CalledProcessError in line 11 of /fast/home/users/szyskam_c/snakes/develop/myCNV/includes/pon_coverage.snk:
Command 'source /fast/users/szyskam_c/work/miniconda/bin/activate '/fast/scratch/users/szyskam_c/develop/PONcoverage/.snakemake/conda/f9fc5275'; set -euo pipefail;  python /fast/scratch/users/szyskam_c/develop/PONcoverage/.snakemake/scripts/tmpjk_au013.coversnake.py' returned non-zero exit status 1.
  File "/fast/home/users/szyskam_c/snakes/develop/myCNV/includes/pon_coverage.snk", line 11, in __rule_get_coverage
  File "/fast/users/szyskam_c/work/miniconda/envs/WES-env/lib/python3.6/concurrent/futures/thread.py", line 56, in run
Shutting down, this might take some time.
Exiting because a job execution failed. Look above for error message
Complete log: /fast/home/users/szyskam_c/snakes/develop/myCNV/.snakemake/log/2020-09-25T162953.137775.snakemake.log
