Building DAG of jobs...
Using shell: /usr/bin/bash
Provided cores: 20
Rules claiming more threads will be scaled down.
Job counts:
	count	jobs
	1	all
	598	get_coverage
	599

[Fri Sep 25 16:28:41 2020]
rule get_coverage:
    output: bedCov/042_B.chr13.bedCov
    jobid: 565
    reason: Missing output files: bedCov/042_B.chr13.bedCov
    wildcards: sample=042_B, chrom=chr13
    threads: 6

[Fri Sep 25 16:28:41 2020]
rule get_coverage:
    output: bedCov/003_B.chr12.bedCov
    jobid: 58
    reason: Missing output files: bedCov/003_B.chr12.bedCov
    wildcards: sample=003_B, chrom=chr12
    threads: 6

[Fri Sep 25 16:28:41 2020]
rule get_coverage:
    output: bedCov/008_B.chr11.bedCov
    jobid: 149
    reason: Missing output files: bedCov/008_B.chr11.bedCov
    wildcards: sample=008_B, chrom=chr11
    threads: 6

python /fast/scratch/users/szyskam_c/develop/PONcoverage/.snakemake/scripts/tmp2arfxo0g.coversnake.py
python /fast/scratch/users/szyskam_c/develop/PONcoverage/.snakemake/scripts/tmpg8vn4atg.coversnake.py
python /fast/scratch/users/szyskam_c/develop/PONcoverage/.snakemake/scripts/tmp3v7oeane.coversnake.py
Activating conda environment: /fast/scratch/users/szyskam_c/develop/PONcoverage/.snakemake/conda/f9fc5275
Activating conda environment: /fast/scratch/users/szyskam_c/develop/PONcoverage/.snakemake/conda/f9fc5275
Activating conda environment: /fast/scratch/users/szyskam_c/develop/PONcoverage/.snakemake/conda/f9fc5275
[Fri Sep 25 16:28:42 2020]
Error in rule get_coverage:
    jobid: 149
    output: bedCov/008_B.chr11.bedCov
    conda-env: /fast/scratch/users/szyskam_c/develop/PONcoverage/.snakemake/conda/f9fc5275

RuleException:
CalledProcessError in line 11 of /fast/home/users/szyskam_c/snakes/develop/myCNV/includes/pon_coverage.snk:
Command 'source /fast/users/szyskam_c/work/miniconda/bin/activate '/fast/scratch/users/szyskam_c/develop/PONcoverage/.snakemake/conda/f9fc5275'; set -euo pipefail;  python /fast/scratch/users/szyskam_c/develop/PONcoverage/.snakemake/scripts/tmp3v7oeane.coversnake.py' returned non-zero exit status 1.
  File "/fast/home/users/szyskam_c/snakes/develop/myCNV/includes/pon_coverage.snk", line 11, in __rule_get_coverage
  File "/fast/users/szyskam_c/work/miniconda/envs/WES-env/lib/python3.6/concurrent/futures/thread.py", line 56, in run
[Fri Sep 25 16:28:42 2020]
Error in rule get_coverage:
    jobid: 58
    output: bedCov/003_B.chr12.bedCov
    conda-env: /fast/scratch/users/szyskam_c/develop/PONcoverage/.snakemake/conda/f9fc5275

RuleException:
CalledProcessError in line 11 of /fast/home/users/szyskam_c/snakes/develop/myCNV/includes/pon_coverage.snk:
Command 'source /fast/users/szyskam_c/work/miniconda/bin/activate '/fast/scratch/users/szyskam_c/develop/PONcoverage/.snakemake/conda/f9fc5275'; set -euo pipefail;  python /fast/scratch/users/szyskam_c/develop/PONcoverage/.snakemake/scripts/tmpg8vn4atg.coversnake.py' returned non-zero exit status 1.
  File "/fast/home/users/szyskam_c/snakes/develop/myCNV/includes/pon_coverage.snk", line 11, in __rule_get_coverage
  File "/fast/users/szyskam_c/work/miniconda/envs/WES-env/lib/python3.6/concurrent/futures/thread.py", line 56, in run
[Fri Sep 25 16:28:42 2020]
Error in rule get_coverage:
    jobid: 565
    output: bedCov/042_B.chr13.bedCov
    conda-env: /fast/scratch/users/szyskam_c/develop/PONcoverage/.snakemake/conda/f9fc5275

RuleException:
CalledProcessError in line 11 of /fast/home/users/szyskam_c/snakes/develop/myCNV/includes/pon_coverage.snk:
Command 'source /fast/users/szyskam_c/work/miniconda/bin/activate '/fast/scratch/users/szyskam_c/develop/PONcoverage/.snakemake/conda/f9fc5275'; set -euo pipefail;  python /fast/scratch/users/szyskam_c/develop/PONcoverage/.snakemake/scripts/tmp2arfxo0g.coversnake.py' returned non-zero exit status 1.
  File "/fast/home/users/szyskam_c/snakes/develop/myCNV/includes/pon_coverage.snk", line 11, in __rule_get_coverage
  File "/fast/users/szyskam_c/work/miniconda/envs/WES-env/lib/python3.6/concurrent/futures/thread.py", line 56, in run
Shutting down, this might take some time.
Exiting because a job execution failed. Look above for error message
Complete log: /fast/home/users/szyskam_c/snakes/develop/myCNV/.snakemake/log/2020-09-25T162840.325835.snakemake.log
