Building DAG of jobs...
MissingInputException in line 34 of /fast/home/users/szyskam_c/snakes/develop/myCNV/Snakefile:
Missing input files for rule all:
bedCov/009_B.chr11.txt
bedCov/014_B.chr12.txt
bedCov/016_B.chr12.txt
bedCov/006_B.chr7.txt
bedCov/009_B.chr17.txt
bedCov/005_B.chr14.txt
bedCov/014_B.chr3.txt
bedCov/010_B.chr21.txt
bedCov/011_B.chr12.txt
bedCov/013_B.chr1.txt
bedCov/029_B.chr7.txt
bedCov/042_B.chrX.txt
bedCov/002_B.chr2.txt
bedCov/012_B.chrX.txt
bedCov/008_B.chr15.txt
bedCov/044_B.chr15.txt
bedCov/029_B.chr21.txt
bedCov/015_B.chr13.txt
bedCov/008_B.chr18.txt
bedCov/029_B.chr15.txt
bedCov/011_B.chr5.txt
bedCov/033_B.chr4.txt
bedCov/034_B.chr15.txt
bedCov/016_B.chr11.txt
bedCov/029_B.chrX.txt
bedCov/021_B.chr14.txt
bedCov/044_B.chr5.txt
bedCov/009_B.chr4.txt
bedCov/021_B.chr7.txt
bedCov/002_B.chr18.txt
bedCov/010_B.chr5.txt
bedCov/033_B.chr9.txt
bedCov/036_B.chr5.txt
bedCov/040_B.chr8.txt
bedCov/004_B.chr16.txt
bedCov/044_B.chr19.txt
bedCov/016_B.chrX.txt
bedCov/041_B.chr18.txt
bedCov/005_B.chr18.txt
bedCov/042_B.chr21.txt
bedCov/013_B.chr4.txt
bedCov/039_B.chr9.txt
bedCov/040_B.chr19.txt
bedCov/006_B.chr10.txt
bedCov/015_B.chr18.txt
bedCov/031_B.chr8.txt
bedCov/005_B.chr9.txt
bedCov/006_B.chr2.txt
bedCov/040_B.chrX.txt
bedCov/014_B.chr6.txt
bedCov/041_B.chr21.txt
bedCov/031_B.chr17.txt
bedCov/031_B.chr1.txt
bedCov/008_B.chr9.txt
bedCov/011_B.chr2.txt
bedCov/015_B.chr20.txt
bedCov/001_B.chr21.txt
bedCov/015_B.chr21.txt
bedCov/033_B.chr1.txt
bedCov/006_B.chr11.txt
bedCov/044_B.chr20.txt
bedCov/008_B.chr16.txt
bedCov/016_B.chr7.txt
bedCov/001_B.chr6.txt
bedCov/016_B.chr1.txt
bedCov/021_B.chr6.txt
bedCov/039_B.chr15.txt
bedCov/002_B.chr10.txt
bedCov/005_B.chr5.txt
bedCov/042_B.chr13.txt
bedCov/036_B.chr16.txt
bedCov/001_B.chr5.txt
bedCov/034_B.chr19.txt
bedCov/002_B.chr13.txt
bedCov/010_B.chr7.txt
bedCov/006_B.chr5.txt
bedCov/010_B.chr13.txt
bedCov/002_B.chr3.txt
bedCov/009_B.chr9.txt
bedCov/031_B.chr20.txt
bedCov/014_B.chrX.txt
bedCov/001_B.chr14.txt
bedCov/034_B.chr5.txt
bedCov/001_B.chr17.txt
bedCov/001_B.chr16.txt
bedCov/029_B.chr10.txt
bedCov/014_B.chr9.txt
bedCov/044_B.chr6.txt
bedCov/003_B.chr3.txt
bedCov/015_B.chr15.txt
bedCov/003_B.chr1.txt
bedCov/010_B.chr3.txt
bedCov/004_B.chr1.txt
bedCov/044_B.chr4.txt
bedCov/005_B.chr11.txt
bedCov/011_B.chr6.txt
bedCov/006_B.chr3.txt
bedCov/021_B.chr16.txt
bedCov/034_B.chr12.txt
bedCov/021_B.chr19.txt
bedCov/033_B.chr14.txt
bedCov/039_B.chr11.txt
bedCov/014_B.chr5.txt
bedCov/034_B.chr13.txt
bedCov/008_B.chr19.txt
bedCov/029_B.chr5.txt
bedCov/021_B.chr11.txt
bedCov/006_B.chr20.txt
bedCov/011_B.chr21.txt
bedCov/010_B.chr6.txt
bedCov/012_B.chr2.txt
bedCov/029_B.chr22.txt
bedCov/042_B.chr14.txt
bedCov/001_B.chr13.txt
bedCov/041_B.chr16.txt
bedCov/001_B.chrX.txt
bedCov/042_B.chr18.txt
bedCov/005_B.chrX.txt
bedCov/031_B.chr22.txt
bedCov/006_B.chr1.txt
bedCov/044_B.chr7.txt
bedCov/031_B.chr12.txt
bedCov/003_B.chr11.txt
bedCov/005_B.chr19.txt
bedCov/041_B.chr15.txt
bedCov/041_B.chr2.txt
bedCov/044_B.chr3.txt
bedCov/036_B.chr18.txt
bedCov/016_B.chr10.txt
bedCov/042_B.chr11.txt
bedCov/004_B.chr21.txt
bedCov/003_B.chr17.txt
bedCov/009_B.chr14.txt
bedCov/015_B.chr8.txt
bedCov/015_B.chr1.txt
bedCov/009_B.chr12.txt
bedCov/039_B.chr17.txt
bedCov/013_B.chr21.txt
bedCov/011_B.chrX.txt
bedCov/009_B.chr18.txt
bedCov/016_B.chr19.txt
bedCov/010_B.chr12.txt
bedCov/006_B.chr13.txt
bedCov/014_B.chr16.txt
bedCov/006_B.chr19.txt
bedCov/014_B.chr22.txt
bedCov/029_B.chr6.txt
bedCov/034_B.chr2.txt
bedCov/044_B.chr18.txt
bedCov/008_B.chr20.txt
bedCov/033_B.chr6.txt
bedCov/010_B.chr14.txt
bedCov/041_B.chr11.txt
bedCov/008_B.chr8.txt
bedCov/006_B.chr8.txt
bedCov/041_B.chr7.txt
bedCov/008_B.chr13.txt
bedCov/039_B.chr3.txt
bedCov/002_B.chr16.txt
bedCov/042_B.chr9.txt
bedCov/010_B.chr20.txt
bedCov/016_B.chr6.txt
bedCov/008_B.chr2.txt
bedCov/001_B.chr7.txt
bedCov/013_B.chr19.txt
bedCov/004_B.chr17.txt
bedCov/031_B.chr16.txt
bedCov/041_B.chr4.txt
bedCov/002_B.chr14.txt
bedCov/005_B.chr6.txt
bedCov/001_B.chr18.txt
bedCov/040_B.chr5.txt
bedCov/009_B.chr19.txt
bedCov/005_B.chr15.txt
bedCov/029_B.chr4.txt
bedCov/013_B.chr14.txt
bedCov/010_B.chrX.txt
bedCov/034_B.chr16.txt
bedCov/044_B.chr21.txt
bedCov/011_B.chr8.txt
bedCov/009_B.chr7.txt
bedCov/031_B.chr15.txt
bedCov/003_B.chr10.txt
bedCov/003_B.chr19.txt
bedCov/039_B.chr21.txt
bedCov/004_B.chrX.txt
bedCov/015_B.chr7.txt
bedCov/042_B.chr2.txt
bedCov/014_B.chr10.txt
bedCov/004_B.chr19.txt
bedCov/042_B.chr5.txt
bedCov/021_B.chr17.txt
bedCov/003_B.chr22.txt
bedCov/033_B.chr18.txt
bedCov/029_B.chr3.txt
bedCov/003_B.chr8.txt
bedCov/009_B.chr21.txt
bedCov/036_B.chr7.txt
bedCov/008_B.chrX.txt
bedCov/041_B.chr22.txt
bedCov/012_B.chr15.txt
bedCov/014_B.chr17.txt
bedCov/015_B.chr12.txt
bedCov/001_B.chr1.txt
bedCov/033_B.chr11.txt
bedCov/040_B.chr18.txt
bedCov/044_B.chr10.txt
bedCov/011_B.chr17.txt
bedCov/036_B.chr3.txt
bedCov/016_B.chr18.txt
bedCov/021_B.chr21.txt
bedCov/015_B.chr6.txt
bedCov/036_B.chr11.txt
bedCov/010_B.chr2.txt
bedCov/011_B.chr15.txt
bedCov/013_B.chr6.txt
bedCov/006_B.chr6.txt
bedCov/012_B.chr14.txt
bedCov/033_B.chrX.txt
bedCov/041_B.chr14.txt
bedCov/006_B.chr17.txt
bedCov/012_B.chr9.txt
bedCov/002_B.chr4.txt
bedCov/033_B.chr16.txt
bedCov/041_B.chr1.txt
bedCov/031_B.chr19.txt
bedCov/002_B.chr1.txt
bedCov/040_B.chr3.txt
bedCov/003_B.chr14.txt
bedCov/002_B.chr5.txt
bedCov/014_B.chr21.txt
bedCov/008_B.chr22.txt
bedCov/004_B.chr4.txt
bedCov/001_B.chr3.txt
bedCov/003_B.chr13.txt
bedCov/008_B.chr17.txt
bedCov/002_B.chrX.txt
bedCov/004_B.chr22.txt
bedCov/039_B.chr10.txt
bedCov/006_B.chr22.txt
bedCov/031_B.chr18.txt
bedCov/013_B.chr18.txt
bedCov/010_B.chr19.txt
bedCov/011_B.chr9.txt
bedCov/040_B.chr1.txt
bedCov/003_B.chr5.txt
bedCov/041_B.chr5.txt
bedCov/008_B.chr3.txt
bedCov/015_B.chr22.txt
bedCov/004_B.chr3.txt
bedCov/001_B.chr2.txt
bedCov/042_B.chr19.txt
bedCov/005_B.chr13.txt
bedCov/039_B.chrX.txt
bedCov/016_B.chr22.txt
bedCov/040_B.chr6.txt
bedCov/040_B.chr11.txt
bedCov/036_B.chr8.txt
bedCov/029_B.chr18.txt
bedCov/015_B.chr3.txt
bedCov/029_B.chr2.txt
bedCov/013_B.chr5.txt
bedCov/039_B.chr4.txt
bedCov/005_B.chr21.txt
bedCov/039_B.chr8.txt
bedCov/011_B.chr4.txt
bedCov/040_B.chr9.txt
bedCov/011_B.chr7.txt
bedCov/031_B.chr11.txt
bedCov/003_B.chr2.txt
bedCov/009_B.chr6.txt
bedCov/029_B.chr20.txt
bedCov/014_B.chr8.txt
bedCov/033_B.chr17.txt
bedCov/011_B.chr13.txt
bedCov/034_B.chr14.txt
bedCov/021_B.chr4.txt
bedCov/005_B.chr20.txt
bedCov/003_B.chr21.txt
bedCov/034_B.chr21.txt
bedCov/044_B.chr9.txt
bedCov/012_B.chr21.txt
bedCov/033_B.chr12.txt
bedCov/004_B.chr8.txt
bedCov/014_B.chr13.txt
bedCov/003_B.chr4.txt
bedCov/042_B.chr10.txt
bedCov/021_B.chr12.txt
bedCov/010_B.chr22.txt
bedCov/014_B.chr2.txt
bedCov/031_B.chr2.txt
bedCov/034_B.chr22.txt
bedCov/021_B.chr9.txt
bedCov/021_B.chr2.txt
bedCov/033_B.chr8.txt
bedCov/033_B.chr20.txt
bedCov/041_B.chrX.txt
bedCov/004_B.chr14.txt
bedCov/015_B.chrX.txt
bedCov/012_B.chr10.txt
bedCov/042_B.chr22.txt
bedCov/033_B.chr5.txt
bedCov/044_B.chr12.txt
bedCov/012_B.chr19.txt
bedCov/042_B.chr16.txt
bedCov/031_B.chr6.txt
bedCov/006_B.chr12.txt
bedCov/016_B.chr8.txt
bedCov/014_B.chr11.txt
bedCov/014_B.chr1.txt
bedCov/040_B.chr21.txt
bedCov/005_B.chr8.txt
bedCov/031_B.chr5.txt
bedCov/036_B.chr15.txt
bedCov/031_B.chr7.txt
bedCov/010_B.chr17.txt
bedCov/034_B.chr11.txt
bedCov/041_B.chr6.txt
bedCov/033_B.chr21.txt
bedCov/001_B.chr22.txt
bedCov/009_B.chr22.txt
bedCov/021_B.chr1.txt
bedCov/003_B.chr12.txt
bedCov/036_B.chr13.txt
bedCov/036_B.chr17.txt
bedCov/021_B.chr3.txt
bedCov/015_B.chr14.txt
bedCov/002_B.chr6.txt
bedCov/036_B.chr20.txt
bedCov/044_B.chr22.txt
bedCov/012_B.chr3.txt
bedCov/044_B.chrX.txt
bedCov/029_B.chr16.txt
bedCov/008_B.chr7.txt
bedCov/008_B.chr1.txt
bedCov/039_B.chr19.txt
bedCov/002_B.chr17.txt
bedCov/009_B.chr13.txt
bedCov/013_B.chrX.txt
bedCov/004_B.chr7.txt
bedCov/029_B.chr17.txt
bedCov/040_B.chr10.txt
bedCov/041_B.chr12.txt
bedCov/003_B.chr9.txt
bedCov/011_B.chr19.txt
bedCov/016_B.chr4.txt
bedCov/012_B.chr13.txt
bedCov/004_B.chr10.txt
bedCov/003_B.chr7.txt
bedCov/039_B.chr5.txt
bedCov/041_B.chr19.txt
bedCov/012_B.chr6.txt
bedCov/005_B.chr10.txt
bedCov/016_B.chr16.txt
bedCov/044_B.chr1.txt
bedCov/012_B.chr1.txt
bedCov/039_B.chr12.txt
bedCov/015_B.chr17.txt
bedCov/008_B.chr11.txt
bedCov/010_B.chr8.txt
bedCov/033_B.chr10.txt
bedCov/004_B.chr5.txt
bedCov/036_B.chr22.txt
bedCov/013_B.chr2.txt
bedCov/008_B.chr4.txt
bedCov/005_B.chr2.txt
bedCov/014_B.chr19.txt
bedCov/016_B.chr3.txt
bedCov/003_B.chr16.txt
bedCov/004_B.chr20.txt
bedCov/010_B.chr11.txt
bedCov/012_B.chr20.txt
bedCov/003_B.chr15.txt
bedCov/034_B.chr17.txt
bedCov/040_B.chr7.txt
bedCov/036_B.chr2.txt
bedCov/033_B.chr22.txt
bedCov/009_B.chr8.txt
bedCov/041_B.chr3.txt
bedCov/033_B.chr3.txt
bedCov/015_B.chr2.txt
bedCov/004_B.chr18.txt
bedCov/041_B.chr17.txt
bedCov/008_B.chr21.txt
bedCov/004_B.chr12.txt
bedCov/036_B.chr9.txt
bedCov/033_B.chr2.txt
bedCov/005_B.chr12.txt
bedCov/040_B.chr20.txt
bedCov/015_B.chr11.txt
bedCov/013_B.chr15.txt
bedCov/039_B.chr13.txt
bedCov/044_B.chr8.txt
bedCov/001_B.chr8.txt
bedCov/039_B.chr6.txt
bedCov/041_B.chr10.txt
bedCov/013_B.chr7.txt
bedCov/029_B.chr8.txt
bedCov/001_B.chr12.txt
bedCov/014_B.chr15.txt
bedCov/005_B.chr17.txt
bedCov/004_B.chr11.txt
bedCov/042_B.chr7.txt
bedCov/001_B.chr9.txt
bedCov/040_B.chr15.txt
bedCov/042_B.chr1.txt
bedCov/016_B.chr5.txt
bedCov/034_B.chr9.txt
bedCov/009_B.chr20.txt
bedCov/003_B.chrX.txt
bedCov/040_B.chr12.txt
bedCov/001_B.chr20.txt
bedCov/029_B.chr9.txt
bedCov/021_B.chr18.txt
bedCov/033_B.chr19.txt
bedCov/029_B.chr13.txt
bedCov/042_B.chr3.txt
bedCov/011_B.chr18.txt
bedCov/031_B.chr21.txt
bedCov/034_B.chr20.txt
bedCov/013_B.chr22.txt
bedCov/021_B.chr22.txt
bedCov/006_B.chr4.txt
bedCov/012_B.chr8.txt
bedCov/042_B.chr8.txt
bedCov/040_B.chr4.txt
bedCov/044_B.chr14.txt
bedCov/021_B.chr8.txt
bedCov/001_B.chr15.txt
bedCov/015_B.chr10.txt
bedCov/033_B.chr15.txt
bedCov/001_B.chr11.txt
bedCov/029_B.chr1.txt
bedCov/034_B.chrX.txt
bedCov/036_B.chrX.txt
bedCov/011_B.chr11.txt
bedCov/006_B.chr14.txt
bedCov/014_B.chr7.txt
bedCov/010_B.chr4.txt
bedCov/002_B.chr20.txt
bedCov/031_B.chr4.txt
bedCov/005_B.chr3.txt
bedCov/041_B.chr20.txt
bedCov/034_B.chr3.txt
bedCov/041_B.chr13.txt
bedCov/015_B.chr4.txt
bedCov/011_B.chr14.txt
bedCov/016_B.chr21.txt
bedCov/012_B.chr7.txt
bedCov/016_B.chr2.txt
bedCov/042_B.chr4.txt
bedCov/010_B.chr16.txt
bedCov/001_B.chr19.txt
bedCov/003_B.chr20.txt
bedCov/041_B.chr9.txt
bedCov/039_B.chr2.txt
bedCov/044_B.chr17.txt
bedCov/001_B.chr4.txt
bedCov/010_B.chr15.txt
bedCov/012_B.chr16.txt
bedCov/044_B.chr13.txt
bedCov/013_B.chr10.txt
bedCov/016_B.chr20.txt
bedCov/036_B.chr10.txt
bedCov/013_B.chr20.txt
bedCov/009_B.chr16.txt
bedCov/014_B.chr14.txt
bedCov/029_B.chr19.txt
bedCov/039_B.chr22.txt
bedCov/036_B.chr21.txt
bedCov/011_B.chr3.txt
bedCov/011_B.chr16.txt
bedCov/021_B.chr15.txt
bedCov/034_B.chr10.txt
bedCov/015_B.chr5.txt
bedCov/013_B.chr8.txt
bedCov/044_B.chr11.txt
bedCov/036_B.chr19.txt
bedCov/011_B.chr22.txt
bedCov/012_B.chr22.txt
bedCov/034_B.chr8.txt
bedCov/002_B.chr12.txt
bedCov/039_B.chr7.txt
bedCov/031_B.chr3.txt
bedCov/012_B.chr12.txt
bedCov/029_B.chr12.txt
bedCov/040_B.chr14.txt
bedCov/013_B.chr16.txt
bedCov/016_B.chr9.txt
bedCov/002_B.chr9.txt
bedCov/005_B.chr22.txt
bedCov/015_B.chr19.txt
bedCov/001_B.chr10.txt
bedCov/002_B.chr22.txt
bedCov/009_B.chr3.txt
bedCov/040_B.chr13.txt
bedCov/010_B.chr9.txt
bedCov/014_B.chr18.txt
bedCov/006_B.chr15.txt
bedCov/008_B.chr6.txt
bedCov/013_B.chr13.txt
bedCov/012_B.chr4.txt
bedCov/040_B.chr16.txt
bedCov/039_B.chr1.txt
bedCov/010_B.chr10.txt
bedCov/031_B.chr9.txt
bedCov/016_B.chr14.txt
bedCov/009_B.chr2.txt
bedCov/002_B.chr19.txt
bedCov/008_B.chr14.txt
bedCov/009_B.chr10.txt
bedCov/021_B.chr5.txt
bedCov/021_B.chr13.txt
bedCov/015_B.chr9.txt
bedCov/041_B.chr8.txt
bedCov/015_B.chr16.txt
bedCov/036_B.chr4.txt
bedCov/003_B.chr18.txt
bedCov/039_B.chr14.txt
bedCov/036_B.chr12.txt
bedCov/016_B.chr15.txt
bedCov/039_B.chr16.txt
bedCov/040_B.chr2.txt
bedCov/014_B.chr4.txt
bedCov/006_B.chr16.txt
bedCov/039_B.chr20.txt
bedCov/040_B.chr17.txt
bedCov/044_B.chr16.txt
bedCov/008_B.chr10.txt
bedCov/004_B.chr2.txt
bedCov/004_B.chr13.txt
bedCov/012_B.chr17.txt
bedCov/042_B.chr20.txt
bedCov/010_B.chr1.txt
bedCov/002_B.chr8.txt
bedCov/016_B.chr13.txt
bedCov/009_B.chr1.txt
bedCov/004_B.chr6.txt
bedCov/033_B.chr7.txt
bedCov/002_B.chr15.txt
bedCov/040_B.chr22.txt
bedCov/005_B.chr4.txt
bedCov/031_B.chr10.txt
bedCov/039_B.chr18.txt
bedCov/009_B.chr15.txt
bedCov/036_B.chr14.txt
bedCov/003_B.chr6.txt
bedCov/011_B.chr20.txt
bedCov/021_B.chr20.txt
bedCov/013_B.chr12.txt
bedCov/034_B.chr6.txt
bedCov/042_B.chr17.txt
bedCov/031_B.chr14.txt
bedCov/044_B.chr2.txt
bedCov/004_B.chr9.txt
bedCov/005_B.chr7.txt
bedCov/012_B.chr11.txt
bedCov/021_B.chr10.txt
bedCov/013_B.chr9.txt
bedCov/002_B.chr11.txt
bedCov/042_B.chr6.txt
bedCov/011_B.chr1.txt
bedCov/034_B.chr4.txt
bedCov/006_B.chrX.txt
bedCov/012_B.chr18.txt
bedCov/021_B.chrX.txt
bedCov/029_B.chr14.txt
bedCov/013_B.chr17.txt
bedCov/011_B.chr10.txt
bedCov/033_B.chr13.txt
bedCov/010_B.chr18.txt
bedCov/042_B.chr12.txt
bedCov/034_B.chr18.txt
bedCov/006_B.chr9.txt
bedCov/036_B.chr6.txt
bedCov/013_B.chr3.txt
bedCov/031_B.chrX.txt
bedCov/036_B.chr1.txt
bedCov/008_B.chr5.txt
bedCov/006_B.chr18.txt
bedCov/002_B.chr21.txt
bedCov/004_B.chr15.txt
bedCov/009_B.chrX.txt
bedCov/042_B.chr15.txt
bedCov/009_B.chr5.txt
bedCov/034_B.chr1.txt
bedCov/012_B.chr5.txt
bedCov/031_B.chr13.txt
bedCov/005_B.chr16.txt
bedCov/002_B.chr7.txt
bedCov/029_B.chr11.txt
bedCov/014_B.chr20.txt
bedCov/034_B.chr7.txt
bedCov/013_B.chr11.txt
bedCov/016_B.chr17.txt
bedCov/006_B.chr21.txt
bedCov/008_B.chr12.txt
bedCov/005_B.chr1.txt
