Building DAG of jobs...
Using shell: /usr/bin/bash
Provided cores: 20
Rules claiming more threads will be scaled down.
Job counts:
	count	jobs
	1	all
	598	get_coverage
	599

[Fri Sep 25 16:21:08 2020]
rule get_coverage:
    output: bedCov/029_B.chr13.bedCov
    jobid: 381
    reason: Missing output files: bedCov/029_B.chr13.bedCov
    wildcards: sample=029_B, chrom=chr13
    threads: 6

InputFunctionException in line 1 of /fast/home/users/szyskam_c/snakes/develop/myCNV/includes/pon_coverage.snk:
KeyError: 0
Wildcards:
sample=029_B
chrom=chr13
