Building DAG of jobs...
Using shell: /usr/bin/bash
Provided cores: 20
Rules claiming more threads will be scaled down.
Job counts:
	count	jobs
	1	all
	598	get_coverage
	599

[Fri Sep 25 16:47:11 2020]
rule get_coverage:
    output: bedCov/021_B.chr4.bedCov
    jobid: 349
    reason: Missing output files: bedCov/021_B.chr4.bedCov
    wildcards: sample=021_B, chrom=chr4
    threads: 6

[Fri Sep 25 16:47:11 2020]
rule get_coverage:
    output: bedCov/044_B.chr1.bedCov
    jobid: 576
    reason: Missing output files: bedCov/044_B.chr1.bedCov
    wildcards: sample=044_B, chrom=chr1
    threads: 6

[Fri Sep 25 16:47:11 2020]
rule get_coverage:
    output: bedCov/015_B.chr3.bedCov
    jobid: 302
    reason: Missing output files: bedCov/015_B.chr3.bedCov
    wildcards: sample=015_B, chrom=chr3
    threads: 6

python /fast/scratch/users/szyskam_c/develop/PONcoverage/.snakemake/scripts/tmpmv1p4f3a.coversnake.py
python /fast/scratch/users/szyskam_c/develop/PONcoverage/.snakemake/scripts/tmpoqncmfeh.coversnake.py
python /fast/scratch/users/szyskam_c/develop/PONcoverage/.snakemake/scripts/tmpt2qgnn8x.coversnake.py
Activating conda environment: /fast/scratch/users/szyskam_c/develop/PONcoverage/.snakemake/conda/f9fc5275
Activating conda environment: /fast/scratch/users/szyskam_c/develop/PONcoverage/.snakemake/conda/f9fc5275
Activating conda environment: /fast/scratch/users/szyskam_c/develop/PONcoverage/.snakemake/conda/f9fc5275
[Fri Sep 25 16:49:48 2020]
Error in rule get_coverage:
    jobid: 349
    output: bedCov/021_B.chr4.bedCov
    conda-env: /fast/scratch/users/szyskam_c/develop/PONcoverage/.snakemake/conda/f9fc5275

RuleException:
CalledProcessError in line 11 of /fast/home/users/szyskam_c/snakes/develop/myCNV/includes/pon_coverage.snk:
Command 'source /fast/users/szyskam_c/work/miniconda/bin/activate '/fast/scratch/users/szyskam_c/develop/PONcoverage/.snakemake/conda/f9fc5275'; set -euo pipefail;  python /fast/scratch/users/szyskam_c/develop/PONcoverage/.snakemake/scripts/tmpoqncmfeh.coversnake.py' returned non-zero exit status 1.
  File "/fast/home/users/szyskam_c/snakes/develop/myCNV/includes/pon_coverage.snk", line 11, in __rule_get_coverage
  File "/fast/users/szyskam_c/work/miniconda/envs/WES-env/lib/python3.6/concurrent/futures/thread.py", line 56, in run
[Fri Sep 25 16:50:42 2020]
Error in rule get_coverage:
    jobid: 302
    output: bedCov/015_B.chr3.bedCov
    conda-env: /fast/scratch/users/szyskam_c/develop/PONcoverage/.snakemake/conda/f9fc5275

RuleException:
CalledProcessError in line 11 of /fast/home/users/szyskam_c/snakes/develop/myCNV/includes/pon_coverage.snk:
Command 'source /fast/users/szyskam_c/work/miniconda/bin/activate '/fast/scratch/users/szyskam_c/develop/PONcoverage/.snakemake/conda/f9fc5275'; set -euo pipefail;  python /fast/scratch/users/szyskam_c/develop/PONcoverage/.snakemake/scripts/tmpt2qgnn8x.coversnake.py' returned non-zero exit status 1.
  File "/fast/home/users/szyskam_c/snakes/develop/myCNV/includes/pon_coverage.snk", line 11, in __rule_get_coverage
  File "/fast/users/szyskam_c/work/miniconda/envs/WES-env/lib/python3.6/concurrent/futures/thread.py", line 56, in run
[Fri Sep 25 16:50:53 2020]
Error in rule get_coverage:
    jobid: 576
    output: bedCov/044_B.chr1.bedCov
    conda-env: /fast/scratch/users/szyskam_c/develop/PONcoverage/.snakemake/conda/f9fc5275

RuleException:
CalledProcessError in line 11 of /fast/home/users/szyskam_c/snakes/develop/myCNV/includes/pon_coverage.snk:
Command 'source /fast/users/szyskam_c/work/miniconda/bin/activate '/fast/scratch/users/szyskam_c/develop/PONcoverage/.snakemake/conda/f9fc5275'; set -euo pipefail;  python /fast/scratch/users/szyskam_c/develop/PONcoverage/.snakemake/scripts/tmpmv1p4f3a.coversnake.py' returned non-zero exit status 1.
  File "/fast/home/users/szyskam_c/snakes/develop/myCNV/includes/pon_coverage.snk", line 11, in __rule_get_coverage
  File "/fast/users/szyskam_c/work/miniconda/envs/WES-env/lib/python3.6/concurrent/futures/thread.py", line 56, in run
Shutting down, this might take some time.
Exiting because a job execution failed. Look above for error message
Complete log: /fast/home/users/szyskam_c/snakes/develop/myCNV/.snakemake/log/2020-09-25T164710.645916.snakemake.log
