Building DAG of jobs...
Using shell: /usr/bin/bash
Provided cores: 20
Rules claiming more threads will be scaled down.
Job counts:
	count	jobs
	1	all
	598	get_coverage
	599

[Fri Sep 25 16:54:57 2020]
rule get_coverage:
    output: bedCov/021_B.chr1.bedCov
    jobid: 346
    reason: Missing output files: bedCov/021_B.chr1.bedCov
    wildcards: sample=021_B, chrom=chr1
    threads: 6

[Fri Sep 25 16:54:57 2020]
rule get_coverage:
    output: bedCov/013_B.chr17.bedCov
    jobid: 270
    reason: Missing output files: bedCov/013_B.chr17.bedCov
    wildcards: sample=013_B, chrom=chr17
    threads: 6

[Fri Sep 25 16:54:57 2020]
rule get_coverage:
    output: bedCov/013_B.chr2.bedCov
    jobid: 255
    reason: Missing output files: bedCov/013_B.chr2.bedCov
    wildcards: sample=013_B, chrom=chr2
    threads: 6

python /fast/scratch/users/szyskam_c/develop/PONcoverage/.snakemake/scripts/tmpf2dl7u80.coversnake.py
python /fast/scratch/users/szyskam_c/develop/PONcoverage/.snakemake/scripts/tmpxe3hxks9.coversnake.py
python /fast/scratch/users/szyskam_c/develop/PONcoverage/.snakemake/scripts/tmpq0a9pnp2.coversnake.py
Activating conda environment: /fast/scratch/users/szyskam_c/develop/PONcoverage/.snakemake/conda/f9fc5275
Activating conda environment: /fast/scratch/users/szyskam_c/develop/PONcoverage/.snakemake/conda/f9fc5275
Activating conda environment: /fast/scratch/users/szyskam_c/develop/PONcoverage/.snakemake/conda/f9fc5275
[Fri Sep 25 16:57:19 2020]
Finished job 270.
1 of 599 steps (0.17%) done

[Fri Sep 25 16:57:19 2020]
rule get_coverage:
    output: bedCov/010_B.chr21.bedCov
    jobid: 205
    reason: Missing output files: bedCov/010_B.chr21.bedCov
    wildcards: sample=010_B, chrom=chr21
    threads: 6

python /fast/scratch/users/szyskam_c/develop/PONcoverage/.snakemake/scripts/tmpkkfs7_14.coversnake.py
Activating conda environment: /fast/scratch/users/szyskam_c/develop/PONcoverage/.snakemake/conda/f9fc5275
Terminating processes on user request, this might take some time.
[Fri Sep 25 16:57:33 2020]
Error in rule get_coverage:
    jobid: 346
    output: bedCov/021_B.chr1.bedCov
    conda-env: /fast/scratch/users/szyskam_c/develop/PONcoverage/.snakemake/conda/f9fc5275

RuleException:
CalledProcessError in line 11 of /fast/home/users/szyskam_c/snakes/develop/myCNV/includes/pon_coverage.snk:
Command 'source /fast/users/szyskam_c/work/miniconda/bin/activate '/fast/scratch/users/szyskam_c/develop/PONcoverage/.snakemake/conda/f9fc5275'; set -euo pipefail;  python /fast/scratch/users/szyskam_c/develop/PONcoverage/.snakemake/scripts/tmpxe3hxks9.coversnake.py' died with <Signals.SIGINT: 2>.
  File "/fast/home/users/szyskam_c/snakes/develop/myCNV/includes/pon_coverage.snk", line 11, in __rule_get_coverage
  File "/fast/users/szyskam_c/work/miniconda/envs/WES-env/lib/python3.6/concurrent/futures/thread.py", line 56, in run
[Fri Sep 25 16:57:33 2020]
Error in rule get_coverage:
    jobid: 255
    output: bedCov/013_B.chr2.bedCov
    conda-env: /fast/scratch/users/szyskam_c/develop/PONcoverage/.snakemake/conda/f9fc5275

RuleException:
CalledProcessError in line 11 of /fast/home/users/szyskam_c/snakes/develop/myCNV/includes/pon_coverage.snk:
Command 'source /fast/users/szyskam_c/work/miniconda/bin/activate '/fast/scratch/users/szyskam_c/develop/PONcoverage/.snakemake/conda/f9fc5275'; set -euo pipefail;  python /fast/scratch/users/szyskam_c/develop/PONcoverage/.snakemake/scripts/tmpq0a9pnp2.coversnake.py' died with <Signals.SIGINT: 2>.
  File "/fast/home/users/szyskam_c/snakes/develop/myCNV/includes/pon_coverage.snk", line 11, in __rule_get_coverage
  File "/fast/users/szyskam_c/work/miniconda/envs/WES-env/lib/python3.6/concurrent/futures/thread.py", line 56, in run
[Fri Sep 25 16:57:33 2020]
Error in rule get_coverage:
    jobid: 205
    output: bedCov/010_B.chr21.bedCov
    conda-env: /fast/scratch/users/szyskam_c/develop/PONcoverage/.snakemake/conda/f9fc5275

RuleException:
CalledProcessError in line 11 of /fast/home/users/szyskam_c/snakes/develop/myCNV/includes/pon_coverage.snk:
Command 'source /fast/users/szyskam_c/work/miniconda/bin/activate '/fast/scratch/users/szyskam_c/develop/PONcoverage/.snakemake/conda/f9fc5275'; set -euo pipefail;  python /fast/scratch/users/szyskam_c/develop/PONcoverage/.snakemake/scripts/tmpkkfs7_14.coversnake.py' died with <Signals.SIGINT: 2>.
  File "/fast/home/users/szyskam_c/snakes/develop/myCNV/includes/pon_coverage.snk", line 11, in __rule_get_coverage
  File "/fast/users/szyskam_c/work/miniconda/envs/WES-env/lib/python3.6/concurrent/futures/thread.py", line 56, in run
Complete log: /fast/home/users/szyskam_c/snakes/develop/myCNV/.snakemake/log/2020-09-25T165457.070553.snakemake.log
