Building DAG of jobs...
Creating conda environment /fast/home/users/szyskam_c/snakes/develop/myCNV/includes/../env/myCNV-CentOS-env.yml...
Downloading and installing remote packages.
Environment for ../../../../../home/users/szyskam_c/snakes/develop/myCNV/env/myCNV-CentOS-env.yml created (location: .snakemake/conda/f9fc5275)
Using shell: /usr/bin/bash
Provided cores: 20
Rules claiming more threads will be scaled down.
Job counts:
	count	jobs
	1	all
	598	get_coverage
	599

[Fri Sep 25 16:18:48 2020]
rule get_coverage:
    output: bedCov/004_B.chr16.bedCov
    jobid: 85
    reason: Missing output files: bedCov/004_B.chr16.bedCov
    wildcards: sample=004_B, chrom=chr16
    threads: 6

InputFunctionException in line 1 of /fast/home/users/szyskam_c/snakes/develop/myCNV/includes/pon_coverage.snk:
KeyError: 0
Wildcards:
sample=004_B
chrom=chr16
